#
# A fatal error has been detected by the Java Runtime Environment:
#
#  SIGSEGV (0xb) at pc=0x000000318fe76dd6, pid=3679, tid=140459020949248
#
# JRE version: 6.0_32-b32
# Java VM: OpenJDK 64-Bit Server VM (23.25-b01 mixed mode linux-amd64 compressed oops)
# Problematic frame:
# C  [libgdk-x11-2.0.so.0+0x76dd6]  gdk_window_enable_synchronized_configure+0x16
#
# Failed to write core dump. Core dumps have been disabled. To enable core dumping, try "ulimit -c unlimited" before starting Java again
#
# If you would like to submit a bug report, please include
# instructions how to reproduce the bug and visit:
#   http://icedtea.classpath.org/bugzilla
# The crash happened outside the Java Virtual Machine in native code.
# See problematic frame for where to report the bug.
#

---------------  T H R E A D  ---------------

Current thread (0x00007fbf24009000):  JavaThread "main" [_thread_in_native, id=3680, stack(0x00007fbf29fc9000,0x00007fbf2a0ca000)]

siginfo:si_signo=SIGSEGV: si_errno=0, si_code=1 (SEGV_MAPERR), si_addr=0x0000000000000018

Registers:
RAX=0x0000000000000000, RBX=0x00007fbf24216060, RCX=0x00007fbf2a0c9700, RDX=0x0000000000000000
RSP=0x00007fbf2a0c7c70, RBP=0x00007fbf24216060, RSI=0x0000000000000000, RDI=0x0000000000000000
R8 =0x00000000ffffffff, R9 =0x0000000000000001, R10=0x00007fbf2a0c7a10, R11=0x000000318fe76dc0
R12=0x0000000000000000, R13=0x00007fbf2a0c7cc0, R14=0x0000000000000000, R15=0x0000000000000260
RIP=0x000000318fe76dd6, EFLAGS=0x0000000000010202, CSGSFS=0x0000000000000033, ERR=0x0000000000000004
  TRAPNO=0x000000000000000e

Top of Stack: (sp=0x00007fbf2a0c7c70)
0x00007fbf2a0c7c70:   00007fbf24216060 00007fbf24216060
0x00007fbf2a0c7c80:   00007fbf24216150 000000319049bee2
0x00007fbf2a0c7c90:   0000000000001600 0000000000000001
0x00007fbf2a0c7ca0:   0000000000000000 00000031904820b0
0x00007fbf2a0c7cb0:   00007fbf2421b810 0000003190487372
0x00007fbf2a0c7cc0:   00007fbf24220370 00007fbf0000fc02
0x00007fbf2a0c7cd0:   0000024e24216060 0000000000000112
0x00007fbf2a0c7ce0:   0000000000000000 0000000000000000
0x00007fbf2a0c7cf0:   0000000000000001 000000318a22a628
0x00007fbf2a0c7d00:   00007fbf242151a0 00007fbf242150d0
0x00007fbf2a0c7d10:   000000002425bf20 000000318a22a628
0x00007fbf2a0c7d20:   0000000000000001 000000318a233455
0x00007fbf2a0c7d30:   00007fbf2425bf20 000000319049bd00
0x00007fbf2a0c7d40:   00007fbf2425bf20 00007fbf242621a0
0x00007fbf2a0c7d50:   0000000000000000 00007fbf2425bf20
0x00007fbf2a0c7d60:   0000000000000001 00007fbf2a0c7eb0
0x00007fbf2a0c7d70:   0000000000000000 000000318a20e2fe
0x00007fbf2a0c7d80:   0000000040008002 00007fbf24208f50
0x00007fbf2a0c7d90:   000000318fe0a193 000000318a203cb8
0x00007fbf2a0c7da0:   0000003100008001 00007fbf24268750
0x00007fbf2a0c7db0:   0000000040008002 0000003187e0a7b0
0x00007fbf2a0c7dc0:   0000003189103cc0 00007fbf24268750
0x00007fbf2a0c7dd0:   0000000000000000 00007fbf24268200
0x00007fbf2a0c7de0:   0000000000000000 0000003187e0a7b0
0x00007fbf2a0c7df0:   0000003189103cc0 0000000000000001
0x00007fbf2a0c7e00:   00007fbf24214c78 000000318a223f68
0x00007fbf2a0c7e10:   0000000000000005 0000002000000000
0x00007fbf2a0c7e20:   00007fbf24214c78 00007fbf2a0c7ed0
0x00007fbf2a0c7e30:   00007fbf2a0c7eb0 00007fbf2425bf20
0x00007fbf2a0c7e40:   0000000024268750 0000000000000000
0x00007fbf2a0c7e50:   00007fbf2a0c7ef0 00007fbf24216060
0x00007fbf2a0c7e60:   0100000000000000 000000000000000b 

Instructions: (pc=0x000000318fe76dd6)
0x000000318fe76db6:   fa ff e9 3f fc ff ff 0f 1f 00 48 89 6c 24 f0 4c
0x000000318fe76dc6:   89 64 24 f8 49 89 fc 48 89 5c 24 e8 48 83 ec 18
0x000000318fe76dd6:   48 8b 5f 18 e8 71 dc ff ff 48 89 c5 48 85 db 74
0x000000318fe76de6:   1c 48 8b 03 48 85 c0 74 05 48 3b 28 74 2c 48 89 

Register to memory mapping:

RAX=0x0000000000000000 is an unknown value
RBX=0x00007fbf24216060 is an unknown value
RCX=0x00007fbf2a0c9700 is pointing into the stack for thread: 0x00007fbf24009000
RDX=0x0000000000000000 is an unknown value
RSP=0x00007fbf2a0c7c70 is pointing into the stack for thread: 0x00007fbf24009000
RBP=0x00007fbf24216060 is an unknown value
RSI=0x0000000000000000 is an unknown value
RDI=0x0000000000000000 is an unknown value
R8 =0x00000000ffffffff is an unallocated location in the heap
R9 =0x0000000000000001 is an unknown value
R10=0x00007fbf2a0c7a10 is pointing into the stack for thread: 0x00007fbf24009000
R11=0x000000318fe76dc0: gdk_window_enable_synchronized_configure+0 in /usr/lib64/libgdk-x11-2.0.so.0 at 0x000000318fe00000
R12=0x0000000000000000 is an unknown value
R13=0x00007fbf2a0c7cc0 is pointing into the stack for thread: 0x00007fbf24009000
R14=0x0000000000000000 is an unknown value
R15=0x0000000000000260 is an unknown value


Stack: [0x00007fbf29fc9000,0x00007fbf2a0ca000],  sp=0x00007fbf2a0c7c70,  free space=1019k
Native frames: (J=compiled Java code, j=interpreted, Vv=VM code, C=native code)
C  [libgdk-x11-2.0.so.0+0x76dd6]  gdk_window_enable_synchronized_configure+0x16

Java frames: (J=compiled Java code, j=interpreted, Vv=VM code)
j  org.eclipse.equinox.launcher.JNIBridge._show_splash(Ljava/lang/String;)V+0
j  org.eclipse.equinox.launcher.JNIBridge.showSplash(Ljava/lang/String;)Z+2
j  org.eclipse.equinox.launcher.Main.handleSplash([Ljava/net/URL;)V+157
j  org.eclipse.equinox.launcher.Main.basicRun([Ljava/lang/String;)V+116
j  org.eclipse.equinox.launcher.Main.run([Ljava/lang/String;)I+4
j  org.eclipse.equinox.launcher.Main.main([Ljava/lang/String;)V+10
v  ~StubRoutines::call_stub

---------------  P R O C E S S  ---------------

Java Threads: ( => current thread )
  0x00007fbf240f6000 JavaThread "Low Memory Detector" daemon [_thread_blocked, id=3689, stack(0x00007fbf1eef7000,0x00007fbf1eff8000)]
  0x00007fbf240f3800 JavaThread "C2 CompilerThread1" daemon [_thread_blocked, id=3688, stack(0x00007fbf1eff8000,0x00007fbf1f0f9000)]
  0x00007fbf240f0800 JavaThread "C2 CompilerThread0" daemon [_thread_blocked, id=3687, stack(0x00007fbf1f0f9000,0x00007fbf1f1fa000)]
  0x00007fbf240ee800 JavaThread "Signal Dispatcher" daemon [_thread_blocked, id=3686, stack(0x00007fbf1f1fa000,0x00007fbf1f2fb000)]
  0x00007fbf240a0000 JavaThread "Finalizer" daemon [_thread_blocked, id=3685, stack(0x00007fbf1f2fb000,0x00007fbf1f3fc000)]
  0x00007fbf2409e000 JavaThread "Reference Handler" daemon [_thread_blocked, id=3684, stack(0x00007fbf1f3fc000,0x00007fbf1f4fd000)]
=>0x00007fbf24009000 JavaThread "main" [_thread_in_native, id=3680, stack(0x00007fbf29fc9000,0x00007fbf2a0ca000)]

Other Threads:
  0x00007fbf2408f000 VMThread [stack: 0x00007fbf1f4fd000,0x00007fbf1f5fe000] [id=3683]
  0x00007fbf24100800 WatcherThread [stack: 0x00007fbf1edf6000,0x00007fbf1eef7000] [id=3690]

VM state:not at safepoint (normal execution)

VM Mutex/Monitor currently owned by a thread: None

Heap
 PSYoungGen      total 11968K, used 1696K [0x00000000f5560000, 0x00000000f62b0000, 0x0000000100000000)
  eden space 10304K, 16% used [0x00000000f5560000,0x00000000f5708218,0x00000000f5f70000)
  from space 1664K, 0% used [0x00000000f6110000,0x00000000f6110000,0x00000000f62b0000)
  to   space 1664K, 0% used [0x00000000f5f70000,0x00000000f5f70000,0x00000000f6110000)
 ParOldGen       total 27328K, used 0K [0x00000000e0000000, 0x00000000e1ab0000, 0x00000000f5560000)
  object space 27328K, 0% used [0x00000000e0000000,0x00000000e0000000,0x00000000e1ab0000)
 PSPermGen       total 21248K, used 4510K [0x00000000d0000000, 0x00000000d14c0000, 0x00000000e0000000)
  object space 21248K, 21% used [0x00000000d0000000,0x00000000d0467bd8,0x00000000d14c0000)

Card table byte_map: [0x00007fbf29318000,0x00007fbf29499000] byte_map_base: 0x00007fbf28c98000

Polling page: 0x00007fbf2adb5000

Code Cache  [0x00007fbf21000000, 0x00007fbf21270000, 0x00007fbf24000000)
 total_blobs=210 nmethods=12 adapters=152 free_code_cache=48740Kb largest_free_block=49890560

Compilation events (10 events):
Event: 0.787 Thread 0x00007fbf240f0800 nmethod 7 0x00007fbf21063ad0 code [0x00007fbf21063c00, 0x00007fbf21063c78]
Event: 0.792 Thread 0x00007fbf240f3800 nmethod 5 0x00007fbf21066a50 code [0x00007fbf21066bc0, 0x00007fbf210675a8]
Event: 0.794 Thread 0x00007fbf240f0800    8             java.lang.Integer::reverseBytes (26 bytes)
Event: 0.794 Thread 0x00007fbf240f0800 nmethod 8 0x00007fbf21066490 code [0x00007fbf210665c0, 0x00007fbf21066638]
Event: 0.815 Thread 0x00007fbf240f0800   10             sun.nio.cs.UTF_8$Decoder::decodeArrayLoop (553 bytes)
Event: 0.828 Thread 0x00007fbf240f0800 nmethod 10 0x00007fbf21068090 code [0x00007fbf210682c0, 0x00007fbf21068d98]
Event: 0.884 Thread 0x00007fbf240f3800   11             java.lang.String::charAt (33 bytes)
Event: 0.885 Thread 0x00007fbf240f3800 nmethod 11 0x00007fbf210661d0 code [0x00007fbf21066320, 0x00007fbf210663d8]
Event: 0.923 Thread 0x00007fbf240f3800   12             java.lang.Object::<init> (1 bytes)
Event: 0.924 Thread 0x00007fbf240f3800 nmethod 12 0x00007fbf21065f10 code [0x00007fbf21066040, 0x00007fbf210660b8]

GC Heap History (0 events):
No events

Deoptimization events (3 events):
Event: 0.841 Thread 0x00007fbf24009000 Uncommon trap -34 fr.pc 0x00007fbf21061cb0
Event: 0.849 Thread 0x00007fbf24009000 Uncommon trap -34 fr.pc 0x00007fbf21061cb0
Event: 0.849 Thread 0x00007fbf24009000 Uncommon trap -34 fr.pc 0x00007fbf21061cb0

Internal exceptions (10 events):
Event: 0.207 Thread 0x00007fbf24009000 Threw 0x00000000f55b29d8 at /builddir/build/BUILD/icedtea6-1.13.4/openjdk/hotspot/src/share/vm/prims/jvm.cpp:1235
Event: 0.802 Thread 0x00007fbf24009000 Threw 0x00000000f5693598 at /builddir/build/BUILD/icedtea6-1.13.4/openjdk/hotspot/src/share/vm/classfile/systemDictionary.cpp:179
Event: 0.802 Thread 0x00007fbf24009000 Threw 0x00000000f5693920 at /builddir/build/BUILD/icedtea6-1.13.4/openjdk/hotspot/src/share/vm/prims/jvm.cpp:1235
Event: 0.807 Thread 0x00007fbf24009000 Threw 0x00000000f56a3c90 at /builddir/build/BUILD/icedtea6-1.13.4/openjdk/hotspot/src/share/vm/classfile/systemDictionary.cpp:179
Event: 0.807 Thread 0x00007fbf24009000 Threw 0x00000000f56a4028 at /builddir/build/BUILD/icedtea6-1.13.4/openjdk/hotspot/src/share/vm/prims/jvm.cpp:1235
Event: 0.814 Thread 0x00007fbf24009000 Threw 0x00000000f56a8790 at /builddir/build/BUILD/icedtea6-1.13.4/openjdk/hotspot/src/share/vm/classfile/systemDictionary.cpp:179
Event: 0.814 Thread 0x00007fbf24009000 Threw 0x00000000f56a8b18 at /builddir/build/BUILD/icedtea6-1.13.4/openjdk/hotspot/src/share/vm/prims/jvm.cpp:1235
Event: 0.884 Thread 0x00007fbf24009000 Threw 0x00000000f56c5290 at /builddir/build/BUILD/icedtea6-1.13.4/openjdk/hotspot/src/share/vm/classfile/systemDictionary.cpp:179
Event: 0.884 Thread 0x00007fbf24009000 Threw 0x00000000f56c55f0 at /builddir/build/BUILD/icedtea6-1.13.4/openjdk/hotspot/src/share/vm/prims/jvm.cpp:1235
Event: 0.986 Thread 0x00007fbf24009000 Threw 0x00000000f56f9460 at /builddir/build/BUILD/icedtea6-1.13.4/openjdk/hotspot/src/share/vm/prims/nativeLookup.cpp:376

Events (10 events):
Event: 0.892 loading class 0x00007fbf240c62f0
Event: 0.893 loading class 0x00007fbf240c62f0 done
Event: 0.893 loading class 0x00007fbf241e50f0
Event: 0.895 loading class 0x00007fbf241e50f0 done
Event: 0.895 loading class 0x00007fbf24092c10
Event: 0.895 loading class 0x00007fbf24092c10 done
Event: 0.896 loading class 0x00007fbf240ce520
Event: 0.896 loading class 0x00007fbf240ce520 done
Event: 0.896 loading class 0x00007fbf24160590
Event: 0.896 loading class 0x00007fbf24160590 done


Dynamic libraries:
00400000-00409000 r-xp 00000000 fd:00 402872                             /usr/lib/jvm/java-1.6.0-openjdk-1.6.0.0.x86_64/jre/bin/java
00608000-0060a000 rw-p 00008000 fd:00 402872                             /usr/lib/jvm/java-1.6.0-openjdk-1.6.0.0.x86_64/jre/bin/java
01c87000-01ca8000 rw-p 00000000 00:00 0                                  [heap]
d0000000-d14c0000 rw-p 00000000 00:00 0 
d14c0000-e0000000 rw-p 00000000 00:00 0 
e0000000-e1ab0000 rw-p 00000000 00:00 0 
e1ab0000-f5560000 rw-p 00000000 00:00 0 
f5560000-f62b0000 rw-p 00000000 00:00 0 
f62b0000-100000000 rw-p 00000000 00:00 0 
3187200000-3187220000 r-xp 00000000 fd:00 781835                         /lib64/ld-2.12.so
318741f000-3187420000 r--p 0001f000 fd:00 781835                         /lib64/ld-2.12.so
3187420000-3187421000 rw-p 00020000 fd:00 781835                         /lib64/ld-2.12.so
3187421000-3187422000 rw-p 00000000 00:00 0 
3187600000-318778b000 r-xp 00000000 fd:00 781866                         /lib64/libc-2.12.so
318778b000-318798a000 ---p 0018b000 fd:00 781866                         /lib64/libc-2.12.so
318798a000-318798e000 r--p 0018a000 fd:00 781866                         /lib64/libc-2.12.so
318798e000-318798f000 rw-p 0018e000 fd:00 781866                         /lib64/libc-2.12.so
318798f000-3187994000 rw-p 00000000 00:00 0 
3187a00000-3187a02000 r-xp 00000000 fd:00 818369                         /lib64/libdl-2.12.so
3187a02000-3187c02000 ---p 00002000 fd:00 818369                         /lib64/libdl-2.12.so
3187c02000-3187c03000 r--p 00002000 fd:00 818369                         /lib64/libdl-2.12.so
3187c03000-3187c04000 rw-p 00003000 fd:00 818369                         /lib64/libdl-2.12.so
3187e00000-3187e17000 r-xp 00000000 fd:00 790342                         /lib64/libpthread-2.12.so
3187e17000-3188017000 ---p 00017000 fd:00 790342                         /lib64/libpthread-2.12.so
3188017000-3188018000 r--p 00017000 fd:00 790342                         /lib64/libpthread-2.12.so
3188018000-3188019000 rw-p 00018000 fd:00 790342                         /lib64/libpthread-2.12.so
3188019000-318801d000 rw-p 00000000 00:00 0 
3188200000-3188204000 r-xp 00000000 fd:00 405342                         /usr/lib/jvm/java-1.6.0-openjdk-1.6.0.0.x86_64/jre/lib/amd64/jli/libjli.so
3188204000-3188403000 ---p 00004000 fd:00 405342                         /usr/lib/jvm/java-1.6.0-openjdk-1.6.0.0.x86_64/jre/lib/amd64/jli/libjli.so
3188403000-3188404000 rw-p 00003000 fd:00 405342                         /usr/lib/jvm/java-1.6.0-openjdk-1.6.0.0.x86_64/jre/lib/amd64/jli/libjli.so
3188600000-3188683000 r-xp 00000000 fd:00 792136                         /lib64/libm-2.12.so
3188683000-3188882000 ---p 00083000 fd:00 792136                         /lib64/libm-2.12.so
3188882000-3188883000 r--p 00082000 fd:00 792136                         /lib64/libm-2.12.so
3188883000-3188884000 rw-p 00083000 fd:00 792136                         /lib64/libm-2.12.so
3188a00000-3188a15000 r-xp 00000000 fd:00 812620                         /lib64/libz.so.1.2.3
3188a15000-3188c14000 ---p 00015000 fd:00 812620                         /lib64/libz.so.1.2.3
3188c14000-3188c15000 r--p 00014000 fd:00 812620                         /lib64/libz.so.1.2.3
3188c15000-3188c16000 rw-p 00015000 fd:00 812620                         /lib64/libz.so.1.2.3
3188e00000-3188f03000 r-xp 00000000 fd:00 790316                         /lib64/libglib-2.0.so.0.2600.1
3188f03000-3189103000 ---p 00103000 fd:00 790316                         /lib64/libglib-2.0.so.0.2600.1
3189103000-3189104000 rw-p 00103000 fd:00 790316                         /lib64/libglib-2.0.so.0.2600.1
3189104000-3189105000 rw-p 00000000 00:00 0 
3189200000-318921d000 r-xp 00000000 fd:00 818401                         /lib64/libselinux.so.1
318921d000-318941c000 ---p 0001d000 fd:00 818401                         /lib64/libselinux.so.1
318941c000-318941d000 r--p 0001c000 fd:00 818401                         /lib64/libselinux.so.1
318941d000-318941e000 rw-p 0001d000 fd:00 818401                         /lib64/libselinux.so.1
318941e000-318941f000 rw-p 00000000 00:00 0 
3189600000-3189616000 r-xp 00000000 fd:00 818395                         /lib64/libresolv-2.12.so
3189616000-3189816000 ---p 00016000 fd:00 818395                         /lib64/libresolv-2.12.so
3189816000-3189817000 r--p 00016000 fd:00 818395                         /lib64/libresolv-2.12.so
3189817000-3189818000 rw-p 00017000 fd:00 818395                         /lib64/libresolv-2.12.so
3189818000-318981a000 rw-p 00000000 00:00 0 
3189a00000-3189a04000 r-xp 00000000 fd:00 818370                         /lib64/libgthread-2.0.so.0.2600.1
3189a04000-3189c03000 ---p 00004000 fd:00 818370                         /lib64/libgthread-2.0.so.0.2600.1
3189c03000-3189c04000 rw-p 00003000 fd:00 818370                         /lib64/libgthread-2.0.so.0.2600.1
318a200000-318a24a000 r-xp 00000000 fd:00 818376                         /lib64/libgobject-2.0.so.0.2600.1
318a24a000-318a449000 ---p 0004a000 fd:00 818376                         /lib64/libgobject-2.0.so.0.2600.1
318a449000-318a44b000 rw-p 00049000 fd:00 818376                         /lib64/libgobject-2.0.so.0.2600.1
318a44b000-318a44c000 rw-p 00000000 00:00 0 
318a600000-318a603000 r-xp 00000000 fd:00 818389                         /lib64/libgmodule-2.0.so.0.2600.1
318a603000-318a802000 ---p 00003000 fd:00 818389                         /lib64/libgmodule-2.0.so.0.2600.1
318a802000-318a803000 rw-p 00002000 fd:00 818389                         /lib64/libgmodule-2.0.so.0.2600.1
318aa00000-318aa1d000 r-xp 00000000 fd:00 263577                         /usr/lib64/libxcb.so.1.1.0
318aa1d000-318ac1d000 ---p 0001d000 fd:00 263577                         /usr/lib64/libxcb.so.1.1.0
318ac1d000-318ac1e000 rw-p 0001d000 fd:00 263577                         /usr/lib64/libxcb.so.1.1.0
318ae00000-318ae02000 r-xp 00000000 fd:00 263233                         /usr/lib64/libXau.so.6.0.0
318ae02000-318b002000 ---p 00002000 fd:00 263233                         /usr/lib64/libXau.so.6.0.0
318b002000-318b003000 rw-p 00002000 fd:00 263233                         /usr/lib64/libXau.so.6.0.0
318b200000-318b337000 r-xp 00000000 fd:00 266878                         /usr/lib64/libX11.so.6.3.0
318b337000-318b537000 ---p 00137000 fd:00 266878                         /usr/lib64/libX11.so.6.3.0
318b537000-318b53d000 rw-p 00137000 fd:00 266878                         /usr/lib64/libX11.so.6.3.0
318b600000-318b6fc000 r-xp 00000000 fd:00 818403                         /lib64/libgio-2.0.so.0.2600.1
318b6fc000-318b8fb000 ---p 000fc000 fd:00 818403                         /lib64/libgio-2.0.so.0.2600.1
318b8fb000-318b900000 rw-p 000fb000 fd:00 818403                         /lib64/libgio-2.0.so.0.2600.1
318b900000-318b901000 rw-p 00000000 00:00 0 
318ba00000-318ba12000 r-xp 00000000 fd:00 294975                         /usr/lib64/libXext.so.6.4.0
318ba12000-318bc12000 ---p 00012000 fd:00 294975                         /usr/lib64/libXext.so.6.4.0
318bc12000-318bc13000 rw-p 00012000 fd:00 294975                         /usr/lib64/libXext.so.6.4.0
318be00000-318be26000 r-xp 00000000 fd:00 810488                         /lib64/libexpat.so.1.5.2
318be26000-318c025000 ---p 00026000 fd:00 810488                         /lib64/libexpat.so.1.5.2
318c025000-318c028000 rw-p 00025000 fd:00 810488                         /lib64/libexpat.so.1.5.2
318c200000-318c298000 r-xp 00000000 fd:00 263086                         /usr/lib64/libfreetype.so.6.3.22
318c298000-318c497000 ---p 00098000 fd:00 263086                         /usr/lib64/libfreetype.so.6.3.22
318c497000-318c49d000 rw-p 00097000 fd:00 263086                         /usr/lib64/libfreetype.so.6.3.22
318ca00000-318ca34000 r-xp 00000000 fd:00 263221                         /usr/lib64/libfontconfig.so.1.4.4
318ca34000-318cc34000 ---p 00034000 fd:00 263221                         /usr/lib64/libfontconfig.so.1.4.4
318cc34000-318cc36000 rw-p 00034000 fd:00 263221                         /usr/lib64/libfontconfig.so.1.4.4
318ce00000-318ce0e000 r-xp 00000000 fd:00 294977                         /usr/lib64/libXi.so.6.1.0
318ce0e000-318d00e000 ---p 0000e000 fd:00 294977                         /usr/lib64/libXi.so.6.1.0
318d00e000-318d00f000 rw-p 0000e000 fd:00 294977                         /usr/lib64/libXi.so.6.1.0
318d200000-318d209000 r-xp 00000000 fd:00 274103                         /usr/lib64/libXrender.so.1.3.0
318d209000-318d409000 ---p 00009000 fd:00 274103                         /usr/lib64/libXrender.so.1.3.0
318d409000-318d40a000 rw-p 00009000 fd:00 274103                         /usr/lib64/libXrender.so.1.3.0
318d600000-318d625000 r-xp 00000000 fd:00 263226                         /usr/lib64/libpng12.so.0.49.0
318d625000-318d825000 ---p 00025000 fd:00 263226                         /usr/lib64/libpng12.so.0.49.0
318d825000-318d826000 rw-p 00025000 fd:00 263226                         /usr/lib64/libpng12.so.0.49.0
318da00000-318da09000 r-xp 00000000 fd:00 294978                         /usr/lib64/libXrandr.so.2.2.0
318da09000-318dc08000 ---p 00009000 fd:00 294978                         /usr/lib64/libXrandr.so.2.2.0
318dc08000-318dc09000 rw-p 00008000 fd:00 294978                         /usr/lib64/libXrandr.so.2.2.0
318de00000-318de48000 r-xp 00000000 fd:00 294972                         /usr/lib64/libpango-1.0.so.0.2800.1
318de48000-318e048000 ---p 00048000 fd:00 294972                         /usr/lib64/libpango-1.0.so.0.2800.1
318e048000-318e04b000 rw-p 00048000 fd:00 294972                         /usr/lib64/libpango-1.0.so.0.2800.1
318e200000-318e205000 r-xp 00000000 fd:00 294979                         /usr/lib64/libXfixes.so.3.1.0
318e205000-318e405000 ---p 00005000 fd:00 294979                         /usr/lib64/libXfixes.so.3.1.0
318e405000-318e406000 rw-p 00005000 fd:00 294979                         /usr/lib64/libXfixes.so.3.1.0
318e600000-318e60b000 r-xp 00000000 fd:00 294974                         /usr/lib64/libpangocairo-1.0.so.0.2800.1
318e60b000-318e80b000 ---p 0000b000 fd:00 294974                         /usr/lib64/libpangocairo-1.0.so.0.2800.1
318e80b000-318e80c000 rw-p 0000b000 fd:00 294974                         /usr/lib64/libpangocairo-1.0.so.0.2800.1
318ea00000-318ea1e000 r-xp 00000000 fd:00 294983                         /usr/lib64/libgdk_pixbuf-2.0.so.0.2000.1
318ea1e000-318ec1e000 ---p 0001e000 fd:00 294983                         /usr/lib64/libgdk_pixbuf-2.0.so.0.2000.1
318ec1e000-318ec1f000 rw-p 0001e000 fd:00 294983                         /usr/lib64/libgdk_pixbuf-2.0.so.0.2000.1
318ee00000-318ee02000 r-xp 00000000 fd:00 294982                         /usr/lib64/libXdamage.so.1.1.0
318ee02000-318f001000 ---p 00002000 fd:00 294982                         /usr/lib64/libXdamage.so.1.1.0
318f001000-318f002000 rw-p 00001000 fd:00 294982                         /usr/lib64/libXdamage.so.1.1.0
318f200000-318f209000 r-xp 00000000 fd:00 294980                         /usr/lib64/libXcursor.so.1.0.2
318f209000-318f409000 ---p 00009000 fd:00 294980                         /usr/lib64/libXcursor.so.1.0.2
318f409000-318f40a000 rw-p 00009000 fd:00 294980                         /usr/lib64/libXcursor.so.1.0.2
318f600000-318f602000 r-xp 00000000 fd:00 294976                         /usr/lib64/libXinerama.so.1.0.0
318f602000-318f801000 ---p 00002000 fd:00 294976                         /usr/lib64/libXinerama.so.1.0.0
318f801000-318f802000 rw-p 00001000 fd:00 294976                         /usr/lib64/libXinerama.so.1.0.0
318fa00000-318fa02000 r-xp 00000000 fd:00 294981                         /usr/lib64/libXcomposite.so.1.0.0
318fa02000-318fc01000 ---p 00002000 fd:00 294981                         /usr/lib64/libXcomposite.so.1.0.0
318fc01000-318fc02000 rw-p 00001000 fd:00 294981                         /usr/lib64/libXcomposite.so.1.0.0
318fe00000-318feb6000 r-xp 00000000 fd:00 294984                         /usr/lib64/libgdk-x11-2.0.so.0.2000.1
318feb6000-31900b6000 ---p 000b6000 fd:00 294984                         /usr/lib64/libgdk-x11-2.0.so.0.2000.1
31900b6000-31900bb000 rw-p 000b6000 fd:00 294984                         /usr/lib64/libgdk-x11-2.0.so.0.2000.1
3190200000-319066a000 r-xp 00000000 fd:00 294986                         /usr/lib64/libgtk-x11-2.0.so.0.2000.1
319066a000-3190869000 ---p 0046a000 fd:00 294986                         /usr/lib64/libgtk-x11-2.0.so.0.2000.1
3190869000-3190874000 rw-p 00469000 fd:00 294986                         /usr/lib64/libgtk-x11-2.0.so.0.2000.1
3190874000-3190876000 rw-p 00000000 00:00 0 
3190e00000-3190e76000 r-xp 00000000 fd:00 288868                         /usr/lib64/libcairo.so.2.10800.8
3190e76000-3191076000 ---p 00076000 fd:00 288868                         /usr/lib64/libcairo.so.2.10800.8
3191076000-3191079000 rw-p 00076000 fd:00 288868                         /usr/lib64/libcairo.so.2.10800.8
3191200000-3191283000 r-xp 00000000 fd:00 263074                         /usr/lib64/libpixman-1.so.0.26.2
3191283000-3191482000 ---p 00083000 fd:00 263074                         /usr/lib64/libpixman-1.so.0.26.2
3191482000-3191488000 rw-p 00082000 fd:00 263074                         /usr/lib64/libpixman-1.so.0.26.2
3191a00000-3191a1e000 r-xp 00000000 fd:00 294985                         /usr/lib64/libatk-1.0.so.0.3009.1
3191a1e000-3191c1e000 ---p 0001e000 fd:00 294985                         /usr/lib64/libatk-1.0.so.0.3009.1
3191c1e000-3191c21000 rw-p 0001e000 fd:00 294985                         /usr/lib64/libatk-1.0.so.0.3009.1
3191e00000-3191e29000 r-xp 00000000 fd:00 294973                         /usr/lib64/libpangoft2-1.0.so.0.2800.1
3191e29000-3192028000 ---p 00029000 fd:00 294973                         /usr/lib64/libpangoft2-1.0.so.0.2800.1
3192028000-319202a000 rw-p 00028000 fd:00 294973                         /usr/lib64/libpangoft2-1.0.so.0.2800.1
3192a00000-3192a16000 r-xp 00000000 fd:00 818404                         /lib64/libgcc_s-4.4.7-20120601.so.1
3192a16000-3192c15000 ---p 00016000 fd:00 818404                         /lib64/libgcc_s-4.4.7-20120601.so.1
3192c15000-3192c16000 rw-p 00015000 fd:00 818404                         /lib64/libgcc_s-4.4.7-20120601.so.1
3194600000-31946e8000 r-xp 00000000 fd:00 294987                         /usr/lib64/libstdc++.so.6.0.13
31946e8000-31948e8000 ---p 000e8000 fd:00 294987                         /usr/lib64/libstdc++.so.6.0.13
31948e8000-31948ef000 r--p 000e8000 fd:00 294987                         /usr/lib64/libstdc++.so.6.0.13
31948ef000-31948f1000 rw-p 000ef000 fd:00 294987                         /usr/lib64/libstdc++.so.6.0.13
31948f1000-3194906000 rw-p 00000000 00:00 0 
3197600000-3197616000 r-xp 00000000 fd:00 789262                         /lib64/libnsl-2.12.so
3197616000-3197815000 ---p 00016000 fd:00 789262                         /lib64/libnsl-2.12.so
3197815000-3197816000 r--p 00015000 fd:00 789262                         /lib64/libnsl-2.12.so
3197816000-3197817000 rw-p 00016000 fd:00 789262                         /lib64/libnsl-2.12.so
3197817000-3197819000 rw-p 00000000 00:00 0 
7fbee4000000-7fbee4021000 rw-p 00000000 00:00 0 
7fbee4021000-7fbee8000000 ---p 00000000 00:00 0 
7fbeec000000-7fbeec17a000 rw-p 00000000 00:00 0 
7fbeec17a000-7fbef0000000 ---p 00000000 00:00 0 
7fbef0000000-7fbef0021000 rw-p 00000000 00:00 0 
7fbef0021000-7fbef4000000 ---p 00000000 00:00 0 
7fbef4000000-7fbef4021000 rw-p 00000000 00:00 0 
7fbef4021000-7fbef8000000 ---p 00000000 00:00 0 
7fbef8000000-7fbef8126000 rw-p 00000000 00:00 0 
7fbef8126000-7fbefc000000 ---p 00000000 00:00 0 
7fbefc000000-7fbefc021000 rw-p 00000000 00:00 0 
7fbefc021000-7fbf00000000 ---p 00000000 00:00 0 
7fbf0216f000-7fbf08000000 r--p 00000000 fd:00 265713                     /usr/lib/locale/locale-archive
7fbf08000000-7fbf08021000 rw-p 00000000 00:00 0 
7fbf08021000-7fbf0c000000 ---p 00000000 00:00 0 
7fbf0c000000-7fbf0c021000 rw-p 00000000 00:00 0 
7fbf0c021000-7fbf10000000 ---p 00000000 00:00 0 
7fbf10000000-7fbf10021000 rw-p 00000000 00:00 0 
7fbf10021000-7fbf14000000 ---p 00000000 00:00 0 
7fbf18000000-7fbf18021000 rw-p 00000000 00:00 0 
7fbf18021000-7fbf1c000000 ---p 00000000 00:00 0 
7fbf1eae2000-7fbf1eae5000 r-xp 00000000 fd:00 531442                     /usr/lib64/gtk-2.0/2.10.0/loaders/libpixbufloader-bmp.so
7fbf1eae5000-7fbf1ece5000 ---p 00003000 fd:00 531442                     /usr/lib64/gtk-2.0/2.10.0/loaders/libpixbufloader-bmp.so
7fbf1ece5000-7fbf1ece6000 rw-p 00003000 fd:00 531442                     /usr/lib64/gtk-2.0/2.10.0/loaders/libpixbufloader-bmp.so
7fbf1ece6000-7fbf1ecf5000 r-xp 00000000 fd:00 538044                     /usr/local/Aptana_Studio_3/plugins/org.eclipse.equinox.launcher.gtk.linux.x86_64_1.1.100.v20110505/eclipse_1407.so
7fbf1ecf5000-7fbf1edf4000 ---p 0000f000 fd:00 538044                     /usr/local/Aptana_Studio_3/plugins/org.eclipse.equinox.launcher.gtk.linux.x86_64_1.1.100.v20110505/eclipse_1407.so
7fbf1edf4000-7fbf1edf6000 rw-p 0000e000 fd:00 538044                     /usr/local/Aptana_Studio_3/plugins/org.eclipse.equinox.launcher.gtk.linux.x86_64_1.1.100.v20110505/eclipse_1407.so
7fbf1edf6000-7fbf1edf7000 ---p 00000000 00:00 0 
7fbf1edf7000-7fbf1eef7000 rw-p 00000000 00:00 0 
7fbf1eef7000-7fbf1eefa000 ---p 00000000 00:00 0 
7fbf1eefa000-7fbf1eff8000 rw-p 00000000 00:00 0 
7fbf1eff8000-7fbf1effb000 ---p 00000000 00:00 0 
7fbf1effb000-7fbf1f0f9000 rw-p 00000000 00:00 0 
7fbf1f0f9000-7fbf1f0fc000 ---p 00000000 00:00 0 
7fbf1f0fc000-7fbf1f1fa000 rw-p 00000000 00:00 0 
7fbf1f1fa000-7fbf1f1fd000 ---p 00000000 00:00 0 
7fbf1f1fd000-7fbf1f2fb000 rw-p 00000000 00:00 0 
7fbf1f2fb000-7fbf1f2fe000 ---p 00000000 00:00 0 
7fbf1f2fe000-7fbf1f3fc000 rw-p 00000000 00:00 0 
7fbf1f3fc000-7fbf1f3ff000 ---p 00000000 00:00 0 
7fbf1f3ff000-7fbf1f4fd000 rw-p 00000000 00:00 0 
7fbf1f4fd000-7fbf1f4fe000 ---p 00000000 00:00 0 
7fbf1f4fe000-7fbf21000000 rw-p 00000000 00:00 0 
7fbf21000000-7fbf21270000 rwxp 00000000 00:00 0 
7fbf21270000-7fbf2427d000 rw-p 00000000 00:00 0 
7fbf2427d000-7fbf28000000 ---p 00000000 00:00 0 
7fbf28017000-7fbf2808e000 rw-p 00000000 00:00 0 
7fbf2808e000-7fbf28090000 r--s 001d1000 fd:00 410692                     /usr/local/Aptana_Studio_3/plugins/com.aptana.rcp_3.4.1.201306062137.jar
7fbf28090000-7fbf2882d000 rw-p 00000000 00:00 0 
7fbf2882d000-7fbf289c3000 r--s 01a15000 fd:00 402984                     /usr/lib/jvm/java-1.6.0-openjdk-1.6.0.0.x86_64/jre/lib/rt.jar
7fbf289c3000-7fbf28feb000 rw-p 00000000 00:00 0 
7fbf28feb000-7fbf28fec000 ---p 00000000 00:00 0 
7fbf28fec000-7fbf290ec000 rw-p 00000000 00:00 0 
7fbf290ec000-7fbf290ed000 ---p 00000000 00:00 0 
7fbf290ed000-7fbf291f8000 rw-p 00000000 00:00 0 
7fbf291f8000-7fbf2926d000 rw-p 00000000 00:00 0 
7fbf2926d000-7fbf2927b000 rw-p 00000000 00:00 0 
7fbf2927b000-7fbf29318000 rw-p 00000000 00:00 0 
7fbf29318000-7fbf29323000 rw-p 00000000 00:00 0 
7fbf29323000-7fbf29398000 rw-p 00000000 00:00 0 
7fbf29398000-7fbf293a6000 rw-p 00000000 00:00 0 
7fbf293a6000-7fbf29442000 rw-p 00000000 00:00 0 
7fbf29442000-7fbf2944a000 rw-p 00000000 00:00 0 
7fbf2944a000-7fbf29498000 rw-p 00000000 00:00 0 
7fbf29498000-7fbf294a3000 rw-p 00000000 00:00 0 
7fbf294a3000-7fbf29559000 rw-p 00000000 00:00 0 
7fbf29559000-7fbf29560000 r-xp 00000000 fd:00 402904                     /usr/lib/jvm/java-1.6.0-openjdk-1.6.0.0.x86_64/jre/lib/amd64/libzip.so
7fbf29560000-7fbf29760000 ---p 00007000 fd:00 402904                     /usr/lib/jvm/java-1.6.0-openjdk-1.6.0.0.x86_64/jre/lib/amd64/libzip.so
7fbf29760000-7fbf29761000 rw-p 00007000 fd:00 402904                     /usr/lib/jvm/java-1.6.0-openjdk-1.6.0.0.x86_64/jre/lib/amd64/libzip.so
7fbf29761000-7fbf2976d000 r-xp 00000000 fd:00 794907                     /lib64/libnss_files-2.12.so
7fbf2976d000-7fbf2996d000 ---p 0000c000 fd:00 794907                     /lib64/libnss_files-2.12.so
7fbf2996d000-7fbf2996e000 r--p 0000c000 fd:00 794907                     /lib64/libnss_files-2.12.so
7fbf2996e000-7fbf2996f000 rw-p 0000d000 fd:00 794907                     /lib64/libnss_files-2.12.so
7fbf2996f000-7fbf29971000 r--s 00013000 fd:00 402967                     /usr/lib/jvm/java-1.6.0-openjdk-1.6.0.0.x86_64/jre/lib/jce.jar
7fbf29971000-7fbf29975000 r--s 0003c000 fd:00 407491                     /usr/lib/jvm/java-1.6.0-openjdk-1.6.0.0.x86_64/jre/lib/jsse.jar
7fbf29975000-7fbf29978000 r--s 0000f000 fd:00 402930                     /usr/lib/jvm/java-1.6.0-openjdk-1.6.0.0.x86_64/jre/lib/ext/pulse-java.jar
7fbf29978000-7fbf29981000 r--s 00065000 fd:00 402926                     /usr/lib/jvm/java-1.6.0-openjdk-1.6.0.0.x86_64/jre/lib/ext/gnome-java-bridge.jar
7fbf29981000-7fbf299ae000 r-xp 00000000 fd:00 402884                     /usr/lib/jvm/java-1.6.0-openjdk-1.6.0.0.x86_64/jre/lib/amd64/libjava.so
7fbf299ae000-7fbf29bad000 ---p 0002d000 fd:00 402884                     /usr/lib/jvm/java-1.6.0-openjdk-1.6.0.0.x86_64/jre/lib/amd64/libjava.so
7fbf29bad000-7fbf29bb1000 rw-p 0002c000 fd:00 402884                     /usr/lib/jvm/java-1.6.0-openjdk-1.6.0.0.x86_64/jre/lib/amd64/libjava.so
7fbf29bb1000-7fbf29bbf000 r-xp 00000000 fd:00 402903                     /usr/lib/jvm/java-1.6.0-openjdk-1.6.0.0.x86_64/jre/lib/amd64/libverify.so
7fbf29bbf000-7fbf29dbf000 ---p 0000e000 fd:00 402903                     /usr/lib/jvm/java-1.6.0-openjdk-1.6.0.0.x86_64/jre/lib/amd64/libverify.so
7fbf29dbf000-7fbf29dc1000 rw-p 0000e000 fd:00 402903                     /usr/lib/jvm/java-1.6.0-openjdk-1.6.0.0.x86_64/jre/lib/amd64/libverify.so
7fbf29dc1000-7fbf29dc8000 r-xp 00000000 fd:00 790361                     /lib64/librt-2.12.so
7fbf29dc8000-7fbf29fc7000 ---p 00007000 fd:00 790361                     /lib64/librt-2.12.so
7fbf29fc7000-7fbf29fc8000 r--p 00006000 fd:00 790361                     /lib64/librt-2.12.so
7fbf29fc8000-7fbf29fc9000 rw-p 00007000 fd:00 790361                     /lib64/librt-2.12.so
7fbf29fc9000-7fbf29fcc000 ---p 00000000 00:00 0 
7fbf29fcc000-7fbf2a0ca000 rw-p 00000000 00:00 0 
7fbf2a0ca000-7fbf2aad5000 r-xp 00000000 fd:00 402910                     /usr/lib/jvm/java-1.6.0-openjdk-1.6.0.0.x86_64/jre/lib/amd64/server/libjvm.so
7fbf2aad5000-7fbf2acd5000 ---p 00a0b000 fd:00 402910                     /usr/lib/jvm/java-1.6.0-openjdk-1.6.0.0.x86_64/jre/lib/amd64/server/libjvm.so
7fbf2acd5000-7fbf2ad76000 rw-p 00a0b000 fd:00 402910                     /usr/lib/jvm/java-1.6.0-openjdk-1.6.0.0.x86_64/jre/lib/amd64/server/libjvm.so
7fbf2ad76000-7fbf2ada4000 rw-p 00000000 00:00 0 
7fbf2adab000-7fbf2adac000 r--s 0000b000 fd:00 410962                     /usr/local/Aptana_Studio_3/plugins/org.eclipse.equinox.launcher_1.2.0.v20110502.jar
7fbf2adac000-7fbf2adb4000 rw-s 00000000 fd:00 407332                     /tmp/hsperfdata_nollenr/3679
7fbf2adb4000-7fbf2adb5000 rw-p 00000000 00:00 0 
7fbf2adb5000-7fbf2adb6000 r--p 00000000 00:00 0 
7fbf2adb6000-7fbf2adb7000 rw-p 00000000 00:00 0 
7fff7ef0d000-7fff7ef42000 rw-p 00000000 00:00 0                          [stack]
7fff7efff000-7fff7f000000 r-xp 00000000 00:00 0                          [vdso]
ffffffffff600000-ffffffffff601000 r-xp 00000000 00:00 0                  [vsyscall]

VM Arguments:
jvm_args: -Xms40m -Xmx512m -Declipse.p2.unsignedPolicy=allow -Declipse.log.size.max=10000 -Declipse.log.backup.max=5 -Djava.awt.headless=true -XX:MaxPermSize=256m 
java_command: /usr/local/Aptana_Studio_3//plugins/org.eclipse.equinox.launcher_1.2.0.v20110502.jar -os linux -ws gtk -arch x86_64 -showsplash -launcher /usr/local/Aptana_Studio_3/AptanaStudio3 -name Aptana Studio 3 --launcher.library /usr/local/Aptana_Studio_3//plugins/org.eclipse.equinox.launcher.gtk.linux.x86_64_1.1.100.v20110505/eclipse_1407.so -startup /usr/local/Aptana_Studio_3//plugins/org.eclipse.equinox.launcher_1.2.0.v20110502.jar --launcher.overrideVmargs -exitdata 8800e -vm /usr/bin/java -vmargs -Xms40m -Xmx512m -Declipse.p2.unsignedPolicy=allow -Declipse.log.size.max=10000 -Declipse.log.backup.max=5 -Djava.awt.headless=true -XX:MaxPermSize=256m -jar /usr/local/Aptana_Studio_3//plugins/org.eclipse.equinox.launcher_1.2.0.v20110502.jar
Launcher Type: SUN_STANDARD

Environment Variables:
PATH=/usr/local/rvm/gems/ruby-2.0.0-p247/bin:/usr/local/rvm/gems/ruby-2.0.0-p247@global/bin:/usr/local/rvm/rubies/ruby-2.0.0-p247/bin:/usr/local/rvm/bin:/usr/lib64/qt-3.3/bin:/usr/local/bin:/bin:/usr/bin:/usr/local/sbin:/usr/sbin:/sbin:/home/nollenr/bin:/usr/local/heroku/bin:/usr/local/Aptana_Studio_3
LD_LIBRARY_PATH=/usr/lib/jvm/java-1.6.0-openjdk-1.6.0.0.x86_64/jre/lib/amd64/server:/usr/lib/jvm/java-1.6.0-openjdk-1.6.0.0.x86_64/jre/lib/amd64:/usr/lib/jvm/java-1.6.0-openjdk-1.6.0.0.x86_64/jre/../lib/amd64
SHELL=/bin/bash
DISPLAY=:0.0

Signal Handlers:
SIGSEGV: [libjvm.so+0x870a40], sa_mask[0]=0x7ffbfeff, sa_flags=0x10000004
SIGBUS: [libjvm.so+0x870a40], sa_mask[0]=0x7ffbfeff, sa_flags=0x10000004
SIGFPE: [libjvm.so+0x719240], sa_mask[0]=0x7ffbfeff, sa_flags=0x10000004
SIGPIPE: SIG_IGN, sa_mask[0]=0x00001000, sa_flags=0x10000000
SIGXFSZ: [libjvm.so+0x719240], sa_mask[0]=0x7ffbfeff, sa_flags=0x10000004
SIGILL: [libjvm.so+0x719240], sa_mask[0]=0x7ffbfeff, sa_flags=0x10000004
SIGUSR1: SIG_DFL, sa_mask[0]=0x00000000, sa_flags=0x00000000
SIGUSR2: [libjvm.so+0x718d60], sa_mask[0]=0x00000000, sa_flags=0x10000004
SIGHUP: [libjvm.so+0x71bdf0], sa_mask[0]=0x7ffbfeff, sa_flags=0x10000004
SIGINT: [libjvm.so+0x71bdf0], sa_mask[0]=0x7ffbfeff, sa_flags=0x10000004
SIGTERM: [libjvm.so+0x71bdf0], sa_mask[0]=0x7ffbfeff, sa_flags=0x10000004
SIGQUIT: [libjvm.so+0x71bdf0], sa_mask[0]=0x7ffbfeff, sa_flags=0x10000004


---------------  S Y S T E M  ---------------

OS:CentOS release 6.5 (Final)

uname:Linux 2.6.32-431.23.3.el6.x86_64 #1 SMP Thu Jul 31 17:20:51 UTC 2014 x86_64
libc:glibc 2.12 NPTL 2.12 
rlimit: STACK 10240k, CORE 0k, NPROC 1024, NOFILE 4096, AS infinity
load average:0.94 0.49 0.18

/proc/meminfo:
MemTotal:        1914484 kB
MemFree:         1338084 kB
Buffers:           34324 kB
Cached:           203752 kB
SwapCached:            0 kB
Active:           252836 kB
Inactive:         183572 kB
Active(anon):     198564 kB
Inactive(anon):     2560 kB
Active(file):      54272 kB
Inactive(file):   181012 kB
Unevictable:           0 kB
Mlocked:               0 kB
SwapTotal:       4194296 kB
SwapFree:        4194296 kB
Dirty:               172 kB
Writeback:             0 kB
AnonPages:        198500 kB
Mapped:            74744 kB
Shmem:              2716 kB
Slab:              80164 kB
SReclaimable:      20292 kB
SUnreclaim:        59872 kB
KernelStack:        2208 kB
PageTables:        27460 kB
NFS_Unstable:          0 kB
Bounce:                0 kB
WritebackTmp:          0 kB
CommitLimit:     5151536 kB
Committed_AS:     827148 kB
VmallocTotal:   34359738367 kB
VmallocUsed:      149596 kB
VmallocChunk:   34359575828 kB
HardwareCorrupted:     0 kB
AnonHugePages:     32768 kB
HugePages_Total:       0
HugePages_Free:        0
HugePages_Rsvd:        0
HugePages_Surp:        0
Hugepagesize:       2048 kB
DirectMap4k:        8192 kB
DirectMap2M:     2088960 kB


CPU:total 2 (1 cores per cpu, 1 threads per core) family 6 model 30 stepping 5, cmov, cx8, fxsr, mmx, sse, sse2, sse3, ssse3, sse4.1, sse4.2, popcnt, tsc, tscinvbit

/proc/cpuinfo:
processor	: 0
vendor_id	: GenuineIntel
cpu family	: 6
model		: 30
model name	: Intel(R) Core(TM) i7 CPU         860  @ 2.80GHz
stepping	: 5
cpu MHz		: 2793.200
cache size	: 8192 KB
fpu		: yes
fpu_exception	: yes
cpuid level	: 11
wp		: yes
flags		: fpu vme de pse tsc msr pae mce cx8 apic sep mtrr pge mca cmov pat pse36 clflush dts mmx fxsr sse sse2 ss syscall nx rdtscp lm constant_tsc arch_perfmon pebs bts xtopology tsc_reliable nonstop_tsc aperfmperf unfair_spinlock pni ssse3 cx16 sse4_1 sse4_2 x2apic popcnt hypervisor lahf_lm ida dts
bogomips	: 5586.40
clflush size	: 64
cache_alignment	: 64
address sizes	: 40 bits physical, 48 bits virtual
power management:

processor	: 1
vendor_id	: GenuineIntel
cpu family	: 6
model		: 30
model name	: Intel(R) Core(TM) i7 CPU         860  @ 2.80GHz
stepping	: 5
cpu MHz		: 2793.200
cache size	: 8192 KB
fpu		: yes
fpu_exception	: yes
cpuid level	: 11
wp		: yes
flags		: fpu vme de pse tsc msr pae mce cx8 apic sep mtrr pge mca cmov pat pse36 clflush dts mmx fxsr sse sse2 ss syscall nx rdtscp lm constant_tsc arch_perfmon pebs bts xtopology tsc_reliable nonstop_tsc aperfmperf unfair_spinlock pni ssse3 cx16 sse4_1 sse4_2 x2apic popcnt hypervisor lahf_lm ida dts
bogomips	: 5586.40
clflush size	: 64
cache_alignment	: 64
address sizes	: 40 bits physical, 48 bits virtual
power management:



Memory: 4k page, physical 1914484k(1338084k free), swap 4194296k(4194296k free)

vm_info: OpenJDK 64-Bit Server VM (23.25-b01) for linux-amd64 JRE (1.6.0_32-b32), built on Jul 21 2014 16:24:15 by "mockbuild" with gcc 4.4.7 20120313 (Red Hat 4.4.7-4)

time: Mon Sep 29 07:41:28 2014
elapsed time: 1 seconds

